2015/04/15 13:58:37 INFO  - jmeter.util.JMeterUtils: Setting Locale to en_US 
2015/04/15 13:58:37 INFO  - jmeter.JMeter: Loading user properties from: /Users/paapster/Downloads/apache-jmeter-2.13/bin/user.properties 
2015/04/15 13:58:37 INFO  - jmeter.JMeter: Loading system properties from: /Users/paapster/Downloads/apache-jmeter-2.13/bin/system.properties 
2015/04/15 13:58:37 INFO  - jmeter.JMeter: Copyright (c) 1998-2015 The Apache Software Foundation 
2015/04/15 13:58:37 INFO  - jmeter.JMeter: Version 2.13 r1665067 
2015/04/15 13:58:37 INFO  - jmeter.JMeter: java.version=1.8.0_25 
2015/04/15 13:58:37 INFO  - jmeter.JMeter: java.vm.name=Java HotSpot(TM) 64-Bit Server VM 
2015/04/15 13:58:37 INFO  - jmeter.JMeter: os.name=Mac OS X 
2015/04/15 13:58:37 INFO  - jmeter.JMeter: os.arch=x86_64 
2015/04/15 13:58:37 INFO  - jmeter.JMeter: os.version=10.10.3 
2015/04/15 13:58:37 INFO  - jmeter.JMeter: file.encoding=UTF-8 
2015/04/15 13:58:37 INFO  - jmeter.JMeter: Default Locale=English (United States) 
2015/04/15 13:58:37 INFO  - jmeter.JMeter: JMeter  Locale=English (United States) 
2015/04/15 13:58:37 INFO  - jmeter.JMeter: JMeterHome=/Users/paapster/Downloads/apache-jmeter-2.13 
2015/04/15 13:58:37 INFO  - jmeter.JMeter: user.dir  =/Users/paapster/Downloads/apache-jmeter-2.13/bin 
2015/04/15 13:58:37 INFO  - jmeter.JMeter: PWD       =/Users/paapster/Downloads/apache-jmeter-2.13/bin 
2015/04/15 13:58:37 INFO  - jmeter.JMeter: IP: 172.28.173.240 Name: snowwhite.cs.ad.klmcorp.net FullName: 172.28.173.240 
2015/04/15 13:58:37 INFO  - jmeter.services.FileServer: Default base='/Users/paapster/Downloads/apache-jmeter-2.13/bin' 
2015/04/15 13:58:37 INFO  - jmeter.services.FileServer: Set new base='/Users/paapster/Downloads/apache-jmeter-2.13/bin/../777-latency-test' 
2015/04/15 13:58:38 INFO  - jmeter.save.SaveService: Testplan (JMX) version: 2.2. Testlog (JTL) version: 2.2 
2015/04/15 13:58:38 INFO  - jmeter.save.SaveService: Using SaveService properties file encoding UTF-8 
2015/04/15 13:58:38 INFO  - jmeter.save.SaveService: Using SaveService properties file version 1656252 
2015/04/15 13:58:38 INFO  - jmeter.save.SaveService: Using SaveService properties version 2.8 
2015/04/15 13:58:38 INFO  - jmeter.save.SaveService: All converter versions present and correct 
2015/04/15 13:58:38 INFO  - jmeter.save.SaveService: Loading file: ../777-latency-test/777-latency-test.jmx 
2015/04/15 13:58:38 INFO  - jmeter.protocol.http.control.CookieManager: Settings: Delete null: true Check: true Allow variable: true Save: false Prefix: COOKIE_ 
2015/04/15 13:58:38 INFO  - jmeter.protocol.http.sampler.HTTPSamplerBase: Cannot find .className property for htmlParser, using default 
2015/04/15 13:58:38 INFO  - jmeter.protocol.http.sampler.HTTPSamplerBase: Parser for text/html is  
2015/04/15 13:58:38 INFO  - jmeter.protocol.http.sampler.HTTPSamplerBase: Parser for application/xhtml+xml is  
2015/04/15 13:58:38 INFO  - jmeter.protocol.http.sampler.HTTPSamplerBase: Parser for application/xml is  
2015/04/15 13:58:38 INFO  - jmeter.protocol.http.sampler.HTTPSamplerBase: Parser for text/xml is  
2015/04/15 13:58:38 INFO  - jmeter.protocol.http.sampler.HTTPSamplerBase: Parser for text/vnd.wap.wml is org.apache.jmeter.protocol.http.parser.RegexpHTMLParser 
2015/04/15 13:58:38 INFO  - jmeter.JMeter: Creating summariser <summary> 
2015/04/15 13:58:38 INFO  - jmeter.engine.StandardJMeterEngine: Listeners will be started after enabling running version 
2015/04/15 13:58:38 INFO  - jmeter.engine.StandardJMeterEngine: To revert to the earlier behaviour, define jmeterengine.startlistenerslater=false 
2015/04/15 13:58:38 INFO  - jmeter.engine.StandardJMeterEngine: Running the test! 
2015/04/15 13:58:38 INFO  - jmeter.samplers.SampleEvent: List of sample_variables: [] 
2015/04/15 13:58:38 INFO  - jmeter.samplers.SampleEvent: List of sample_variables: [] 
2015/04/15 13:58:38 INFO  - jmeter.engine.util.CompoundVariable: Note: Function class names must contain the string: '.functions.' 
2015/04/15 13:58:38 INFO  - jmeter.engine.util.CompoundVariable: Note: Function class names must not contain the string: '.gui.' 
2015/04/15 13:58:38 INFO  - jmeter.JMeter: Running test (1429099118227) 
2015/04/15 13:58:38 INFO  - jmeter.engine.StandardJMeterEngine: Starting ThreadGroup: 1 : Call KLM domain 
2015/04/15 13:58:38 INFO  - jmeter.engine.StandardJMeterEngine: Starting 10 threads for group Call KLM domain. 
2015/04/15 13:58:38 INFO  - jmeter.engine.StandardJMeterEngine: Thread will continue on error 
2015/04/15 13:58:38 INFO  - jmeter.threads.ThreadGroup: Starting thread group number 1 threads 10 ramp-up 1 perThread 100.0 delayedStart=false 
2015/04/15 13:58:38 INFO  - jmeter.threads.JMeterThread: jmeterthread.startearlier=true (see jmeter.properties) 
2015/04/15 13:58:38 INFO  - jmeter.threads.JMeterThread: Running PostProcessors in forward order 
2015/04/15 13:58:38 INFO  - jmeter.threads.JMeterThread: Thread started: Call KLM domain 1-1 
2015/04/15 13:58:38 INFO  - jmeter.threads.ThreadGroup: Started thread group number 1 
2015/04/15 13:58:38 INFO  - jmeter.engine.StandardJMeterEngine: Waiting for thread group: Call KLM domain to finish before starting next group 
2015/04/15 13:58:38 INFO  - jmeter.threads.JMeterThread: Thread started: Call KLM domain 1-2 
2015/04/15 13:58:38 INFO  - jmeter.threads.JMeterThread: Thread started: Call KLM domain 1-3 
2015/04/15 13:58:38 INFO  - jmeter.threads.JMeterThread: Thread started: Call KLM domain 1-4 
2015/04/15 13:58:38 INFO  - jmeter.threads.JMeterThread: Thread started: Call KLM domain 1-5 
2015/04/15 13:58:38 INFO  - jmeter.threads.JMeterThread: Thread started: Call KLM domain 1-6 
2015/04/15 13:58:38 INFO  - jmeter.protocol.http.sampler.HTTPHCAbstractImpl: Local host = snowwhite.cs.ad.klmcorp.net 
2015/04/15 13:58:38 INFO  - jmeter.protocol.http.sampler.HTTPHC4Impl: HTTP request retry count = 0 
2015/04/15 13:58:38 INFO  - jmeter.protocol.http.sampler.HTTPHC4Impl: Setting up HTTPS TrustAll scheme 
2015/04/15 13:58:38 INFO  - jmeter.util.JsseSSLManager: Using default SSL protocol: TLS 
2015/04/15 13:58:38 INFO  - jmeter.util.JsseSSLManager: SSL session context: per-thread 
2015/04/15 13:58:38 INFO  - jmeter.threads.JMeterThread: Thread started: Call KLM domain 1-7 
2015/04/15 13:58:38 INFO  - jmeter.samplers.SampleResult: Note: Sample TimeStamps are START times 
2015/04/15 13:58:38 INFO  - jmeter.samplers.SampleResult: sampleresult.default.encoding is set to ISO-8859-1 
2015/04/15 13:58:38 INFO  - jmeter.samplers.SampleResult: sampleresult.useNanoTime=true 
2015/04/15 13:58:38 INFO  - jmeter.samplers.SampleResult: sampleresult.nanoThreadSleep=5000 
2015/04/15 13:58:38 INFO  - jmeter.threads.JMeterThread: Thread started: Call KLM domain 1-8 
2015/04/15 13:58:38 INFO  - jmeter.util.SSLManager: JmeterKeyStore Location:  type JKS 
2015/04/15 13:58:38 INFO  - jmeter.util.SSLManager: KeyStore created OK 
2015/04/15 13:58:38 WARN  - jmeter.util.SSLManager: Keystore file not found, loading empty keystore 
2015/04/15 13:58:39 INFO  - jmeter.threads.JMeterThread: Thread started: Call KLM domain 1-9 
2015/04/15 13:58:39 INFO  - jmeter.protocol.http.parser.HTMLParser: Created org.apache.jmeter.protocol.http.parser.LagartoBasedHtmlParser 
2015/04/15 13:58:39 INFO  - jmeter.protocol.http.parser.HTMLParser: Created org.apache.jmeter.protocol.http.parser.LagartoBasedHtmlParser 
2015/04/15 13:58:39 INFO  - jmeter.protocol.http.parser.HTMLParser: Created org.apache.jmeter.protocol.http.parser.LagartoBasedHtmlParser 
2015/04/15 13:58:39 INFO  - jmeter.protocol.http.parser.HTMLParser: Created org.apache.jmeter.protocol.http.parser.LagartoBasedHtmlParser 
2015/04/15 13:58:39 INFO  - jmeter.threads.JMeterThread: Thread started: Call KLM domain 1-10 
2015/04/15 13:58:46 INFO  - jmeter.reporters.ResultCollector: Shutdown hook started 
2015/04/15 13:58:46 INFO  - jmeter.reporters.ResultCollector: Shutdown hook ended 
